\BOOKMARK [1][-]{section.1}{\376\377\000F\000l\000o\000w\000s\000,\000\040\000M\000a\000t\000c\000h\000i\000n\000g}{}% 1
\BOOKMARK [2][-]{subsection.1.1}{\376\377\000H\000o\000p\000c\000r\000o\000f\000t\000-\000K\000a\000r\000p\000\040\000B\000i\000p\000a\000r\000t\000i\000t\000e\000\040\000M\000a\000t\000c\000h\000i\000n\000g}{section.1}% 2
\BOOKMARK [2][-]{subsection.1.2}{\376\377\000D\000i\000n\000i\000c\000'\000s\000\040\000A\000l\000g\000o\000r\000i\000t\000h\000m}{section.1}% 3
\BOOKMARK [2][-]{subsection.1.3}{\376\377\000M\000i\000n\000\040\000C\000o\000s\000t\000\040\000M\000a\000x\000\040\000F\000l\000o\000w}{section.1}% 4
\BOOKMARK [2][-]{subsection.1.4}{\376\377\000H\000e\000l\000l\000-\000J\000o\000s\000e\000o\000n\000\040\000s\000t\000y\000l\000e\000\040\000M\000C\000M\000F}{section.1}% 5
\BOOKMARK [2][-]{subsection.1.5}{\376\377\000C\000i\000r\000c\000u\000l\000a\000t\000i\000o\000n\000\040\000P\000r\000o\000b\000l\000e\000m}{section.1}% 6
\BOOKMARK [2][-]{subsection.1.6}{\376\377\000M\000i\000n\000\040\000C\000o\000s\000t\000\040\000C\000i\000r\000c\000u\000l\000a\000t\000i\000o\000n}{section.1}% 7
\BOOKMARK [1][-]{section.2}{\376\377\000G\000r\000a\000p\000h}{}% 8
\BOOKMARK [2][-]{subsection.2.1}{\376\377\0002\000-\000S\000A\000T}{section.2}% 9
\BOOKMARK [2][-]{subsection.2.2}{\376\377\000B\000C\000C}{section.2}% 10
\BOOKMARK [2][-]{subsection.2.3}{\376\377\000S\000p\000l\000a\000y\000\040\000T\000r\000e\000e\000\040\000+\000\040\000L\000i\000n\000k\000-\000C\000u\000t\000\040\000T\000r\000e\000e}{section.2}% 11
\BOOKMARK [2][-]{subsection.2.4}{\376\377\000O\000f\000f\000l\000i\000n\000e\000\040\000D\000y\000n\000a\000m\000i\000c\000\040\000M\000S\000T}{section.2}% 12
\BOOKMARK [1][-]{section.3}{\376\377\000S\000t\000r\000i\000n\000g\000s}{}% 13
\BOOKMARK [2][-]{subsection.3.1}{\376\377\000A\000h\000o\000-\000C\000o\000r\000a\000s\000i\000c\000k\000\040\000A\000l\000g\000o\000r\000i\000t\000h\000m}{section.3}% 14
\BOOKMARK [2][-]{subsection.3.2}{\376\377\000S\000u\000f\000f\000i\000x\000\040\000A\000r\000r\000a\000y}{section.3}% 15
\BOOKMARK [2][-]{subsection.3.3}{\376\377\000M\000a\000n\000a\000c\000h\000e\000r\000'\000s\000\040\000A\000l\000g\000o\000r\000i\000t\000h\000m}{section.3}% 16
\BOOKMARK [2][-]{subsection.3.4}{\376\377\000S\000u\000f\000f\000i\000x\000\040\000A\000r\000r\000a\000y\000\040\000\050\000L\000i\000n\000e\000a\000r\000\040\000t\000i\000m\000e\000\051}{section.3}% 17
\BOOKMARK [2][-]{subsection.3.5}{\376\377\000e\000e\000r\000t\000r\000e\000e}{section.3}% 18
\BOOKMARK [2][-]{subsection.3.6}{\376\377\000C\000i\000r\000c\000u\000l\000a\000r\000\040\000L\000C\000S}{section.3}% 19
\BOOKMARK [1][-]{section.4}{\376\377\000G\000e\000o\000m\000e\000t\000r\000y}{}% 20
\BOOKMARK [2][-]{subsection.4.1}{\376\377\000S\000m\000a\000l\000l\000e\000s\000t\000\040\000E\000n\000c\000l\000o\000s\000i\000n\000g\000\040\000C\000i\000r\000c\000l\000e\000\040\000/\000\040\000S\000p\000h\000e\000r\000e}{section.4}% 21
\BOOKMARK [2][-]{subsection.4.2}{\376\377\0003\000D\000\040\000C\000o\000n\000v\000e\000x\000\040\000H\000u\000l\000l}{section.4}% 22
\BOOKMARK [2][-]{subsection.4.3}{\376\377\000D\000y\000n\000a\000m\000i\000c\000\040\000C\000o\000n\000v\000e\000x\000\040\000H\000u\000l\000l\000\040\000T\000r\000i\000c\000k}{section.4}% 23
\BOOKMARK [2][-]{subsection.4.4}{\376\377\000H\000a\000l\000f\000-\000p\000l\000a\000n\000e\000\040\000I\000n\000t\000e\000r\000s\000e\000c\000t\000i\000o\000n}{section.4}% 24
\BOOKMARK [2][-]{subsection.4.5}{\376\377\000P\000o\000i\000n\000t\000-\000i\000n\000-\000p\000o\000l\000y\000g\000o\000n\000\040\000t\000e\000s\000t\000\040\000/\000\040\000P\000o\000i\000n\000t\000-\000t\000o\000-\000p\000o\000l\000y\000g\000o\000n\000\040\000t\000a\000n\000g\000e\000n\000t}{section.4}% 25
\BOOKMARK [2][-]{subsection.4.6}{\376\377\000k\000d\000-\000t\000r\000e\000e}{section.4}% 26
\BOOKMARK [1][-]{section.5}{\376\377\000M\000a\000t\000h}{}% 27
\BOOKMARK [2][-]{subsection.5.1}{\376\377\000F\000F\000T\000\040\000/\000\040\000N\000T\000T}{section.5}% 28
\BOOKMARK [2][-]{subsection.5.2}{\376\377\000H\000e\000l\000l\000-\000J\000o\000s\000e\000o\000n\000\040\000s\000t\000y\000l\000e\000\040\000F\000F\000T}{section.5}% 29
\BOOKMARK [2][-]{subsection.5.3}{\376\377\000N\000T\000T\000\040\000P\000o\000l\000y\000n\000o\000m\000i\000a\000l\000\040\000D\000i\000v\000i\000s\000i\000o\000n}{section.5}% 30
\BOOKMARK [2][-]{subsection.5.4}{\376\377\000B\000l\000a\000c\000k\000\040\000B\000o\000x\000\040\000L\000i\000n\000e\000a\000r\000\040\000A\000l\000g\000e\000b\000r\000a\000\040\000+\000\040\000K\000i\000t\000a\000m\000a\000s\000a}{section.5}% 31
\BOOKMARK [2][-]{subsection.5.5}{\376\377\000G\000a\000u\000s\000s\000i\000a\000n\000\040\000E\000l\000i\000m\000i\000n\000a\000t\000i\000o\000n}{section.5}% 32
\BOOKMARK [2][-]{subsection.5.6}{\376\377\000S\000i\000m\000p\000l\000e\000x\000\040\000A\000l\000g\000o\000r\000i\000t\000h\000m}{section.5}% 33
\BOOKMARK [2][-]{subsection.5.7}{\376\377\000P\000e\000n\000t\000a\000g\000o\000n\000a\000l\000\040\000N\000u\000m\000b\000e\000r\000\040\000T\000h\000e\000o\000r\000e\000m\000\040\000f\000o\000r\000\040\000P\000a\000r\000t\000i\000t\000i\000o\000n\000\040\000N\000u\000m\000b\000e\000r\000\040\000C\000o\000u\000n\000t\000i\000n\000g}{section.5}% 34
\BOOKMARK [2][-]{subsection.5.8}{\376\377\000D\000e\000\040\000B\000r\000u\000i\000j\000n\000\040\000S\000e\000q\000u\000e\000n\000c\000e}{section.5}% 35
\BOOKMARK [2][-]{subsection.5.9}{\376\377\000D\000i\000s\000c\000r\000e\000t\000e\000\040\000K\000t\000h\000\040\000r\000o\000o\000t}{section.5}% 36
\BOOKMARK [2][-]{subsection.5.10}{\376\377\000M\000i\000l\000l\000e\000r\000-\000R\000a\000b\000i\000n\000\040\000T\000e\000s\000t\000\040\000+\000\040\000P\000o\000l\000l\000a\000r\000d\000\040\000R\000h\000o\000\040\000F\000a\000c\000t\000o\000r\000i\000z\000a\000t\000i\000o\000n}{section.5}% 37
\BOOKMARK [2][-]{subsection.5.11}{\376\377\000H\000i\000g\000h\000l\000y\000\040\000C\000o\000m\000p\000o\000s\000i\000t\000e\000\040\000N\000u\000m\000b\000e\000r\000s\000,\000\040\000L\000a\000r\000g\000e\000\040\000P\000r\000i\000m\000e}{section.5}% 38
\BOOKMARK [1][-]{section.6}{\376\377\000M\000i\000s\000c\000e\000l\000l\000a\000n\000e\000o\000u\000s}{}% 39
\BOOKMARK [2][-]{subsection.6.1}{\376\377\000M\000a\000t\000h\000e\000m\000a\000t\000i\000c\000s}{section.6}% 40
\BOOKMARK [2][-]{subsection.6.2}{\376\377\000P\000o\000p\000u\000l\000a\000r\000\040\000O\000p\000t\000i\000m\000i\000z\000a\000t\000i\000o\000n\000\040\000T\000e\000c\000h\000n\000i\000q\000u\000e}{section.6}% 41
\BOOKMARK [2][-]{subsection.6.3}{\376\377\000F\000a\000s\000t\000\040\000L\000L\000\040\000D\000i\000v\000i\000s\000i\000o\000n\000\040\000/\000\040\000M\000o\000d\000u\000l\000o}{section.6}% 42
\BOOKMARK [2][-]{subsection.6.4}{\376\377\000B\000i\000t\000\040\000T\000w\000i\000d\000d\000l\000i\000n\000g\000\040\000H\000a\000c\000k}{section.6}% 43
\BOOKMARK [2][-]{subsection.6.5}{\376\377\000F\000a\000s\000t\000\040\000I\000n\000t\000e\000g\000e\000r\000\040\000I\000O}{section.6}% 44
\BOOKMARK [2][-]{subsection.6.6}{\376\377\000O\000S\000R\000a\000n\000k\000\040\000i\000n\000\040\000g\000+\000+}{section.6}% 45
\BOOKMARK [2][-]{subsection.6.7}{\376\377\000N\000a\000s\000t\000y\000\040\000S\000t\000a\000c\000k\000\040\000H\000a\000c\000k\000s}{section.6}% 46
\BOOKMARK [2][-]{subsection.6.8}{\376\377\000C\000+\000+\000\040\000/\000\040\000E\000n\000v\000i\000r\000o\000n\000m\000e\000n\000t\000\040\000O\000v\000e\000r\000v\000i\000e\000w}{section.6}% 47
